[debug] [2020-02-07T15:01:05.583Z] ----------------------------------------------------------------------
[debug] [2020-02-07T15:01:05.585Z] Command:       /Users/gerry/.nvm/versions/node/v10.16.0/bin/node /Users/gerry/projects/split-it/node_modules/.bin/firebase serve
[debug] [2020-02-07T15:01:05.585Z] CLI Version:   7.12.1
[debug] [2020-02-07T15:01:05.585Z] Platform:      darwin
[debug] [2020-02-07T15:01:05.585Z] Node Version:  v10.16.0
[debug] [2020-02-07T15:01:05.587Z] Time:          Fri Feb 07 2020 10:01:05 GMT-0500 (Eastern Standard Time)
[debug] [2020-02-07T15:01:05.587Z] ----------------------------------------------------------------------
[debug] [2020-02-07T15:01:05.587Z] 
[debug] [2020-02-07T15:01:05.611Z] > command requires scopes: ["email","openid","https://www.googleapis.com/auth/cloudplatformprojects.readonly","https://www.googleapis.com/auth/firebase","https://www.googleapis.com/auth/cloud-platform"]
[debug] [2020-02-07T15:01:05.612Z] > authorizing via signed-in user
[debug] [2020-02-07T15:01:05.612Z] [iam] checking project split-it-1eb88 for permissions ["firebase.projects.get"]
[debug] [2020-02-07T15:01:05.613Z] > refreshing access token with scopes: ["email","https://www.googleapis.com/auth/cloud-platform","https://www.googleapis.com/auth/cloudplatformprojects.readonly","https://www.googleapis.com/auth/firebase","openid"]
[debug] [2020-02-07T15:01:05.613Z] >>> HTTP REQUEST POST https://www.googleapis.com/oauth2/v3/token  
 <request body omitted>
[debug] [2020-02-07T15:01:05.747Z] <<< HTTP RESPONSE 200
[debug] [2020-02-07T15:01:05.758Z] >>> HTTP REQUEST POST https://cloudresourcemanager.googleapis.com/v1/projects/split-it-1eb88:testIamPermissions  

[debug] [2020-02-07T15:01:06.078Z] <<< HTTP RESPONSE 200
[debug] [2020-02-07T15:01:06.079Z] >>> HTTP REQUEST GET https://firebase.googleapis.com/v1beta1/projects/split-it-1eb88  
 
[debug] [2020-02-07T15:01:06.334Z] <<< HTTP RESPONSE 200
[info] 
[info] === Serving from '/Users/gerry/projects/split-it'...
[info] 
[debug] [2020-02-07T15:01:06.337Z] >>> HTTP REQUEST GET https://firebase.googleapis.com/v1beta1/projects/split-it-1eb88/webApps/-/config  
 
[debug] [2020-02-07T15:01:06.631Z] <<< HTTP RESPONSE 200
[info] i  hosting[app]: Serving hosting files from: build
[info] ✔  hosting[app]: Local server: http://localhost:5000
